<?xml version="1.0" encoding="UTF-8"?>
<!-- Generated by org.testng.reporters.JUnitXMLReporter -->
<testsuite ignored="0" hostname="DESKTOP-3D33GQ4" failures="4" tests="4" name="Test" time="71.699" errors="0" timestamp="2020-11-25T20:15:27 IST">
  <testcase classname="Regression.LoginTest" name="LoginTestcaseTest" time="2.794">
    <failure type="java.lang.AssertionError" message="expected [true] but found [false]">
      <![CDATA[java.lang.AssertionError: expected [true] but found [false]
at resources.CommonBrowser.HomePageMethod(CommonBrowser.java:97)
at Regression.LoginTest.LoginTestcaseTest(LoginTest.java:57)
at java.base/java.util.ArrayList.forEach(ArrayList.java:1511)
... Removed 31 stack frames]]>
    </failure>
  </testcase> <!-- LoginTestcaseTest -->
  <testcase classname="Regression.LoginTest" name="CompareCostofTwoProductTest" time="2.331">
    <failure type="java.lang.AssertionError" message="expected [true] but found [false]">
      <![CDATA[java.lang.AssertionError: expected [true] but found [false]
at resources.CommonBrowser.HomePageMethod(CommonBrowser.java:97)
at Regression.LoginTest.CompareCostofTwoProductTest(LoginTest.java:97)
at java.base/java.util.ArrayList.forEach(ArrayList.java:1511)
... Removed 31 stack frames]]>
    </failure>
  </testcase> <!-- CompareCostofTwoProductTest -->
  <testcase classname="Regression.LoginTest" name="CanaddAvailableProductsqtyTest" time="2.674">
    <failure type="java.lang.AssertionError" message="expected [true] but found [false]">
      <![CDATA[java.lang.AssertionError: expected [true] but found [false]
at resources.CommonBrowser.HomePageMethod(CommonBrowser.java:97)
at Regression.LoginTest.CanaddAvailableProductsqtyTest(LoginTest.java:124)
at java.base/java.util.ArrayList.forEach(ArrayList.java:1511)
... Removed 31 stack frames]]>
    </failure>
  </testcase> <!-- CanaddAvailableProductsqtyTest -->
  <testcase classname="Sanity.CTest" name="thirdTest" time="2.129">
    <failure type="java.lang.AssertionError" message="expected [true] but found [false]">
      <![CDATA[java.lang.AssertionError: expected [true] but found [false]
at resources.CommonBrowser.HomePageMethod(CommonBrowser.java:97)
at Sanity.CTest.thirdTest(CTest.java:43)
at java.base/java.util.ArrayList.forEach(ArrayList.java:1511)
... Removed 31 stack frames]]>
    </failure>
  </testcase> <!-- thirdTest -->
</testsuite> <!-- Test -->
